
Cadence Innovus(TM) Implementation System.
Copyright 2017 Cadence Design Systems, Inc. All rights reserved worldwide.

Version:	v17.11-s080_1, built Fri Aug 4 11:13:11 PDT 2017
Options:	
Date:		Fri Nov 12 20:07:38 2021
Host:		localhost.localdomain (x86_64 w/Linux 3.10.0-957.5.1.el7.x86_64) (1core*2cpus*Westmere E56xx/L56xx/X56xx (Nehalem-C) 4096KB)
OS:		CentOS Linux release 7.6.1810 (Core) 

License:
		invs	Innovus Implementation System	17.1	checkout succeeded
		8 CPU jobs allowed with the current license(s). Use setMultiCpuUsage to set your required CPU count.
Change the soft stacksize limit to 0.2%RAM (31 mbytes). Set global soft_stack_size_limit to change the value.

**INFO:  MMMC transition support version v31-84 

<CMD> set_global _enable_mmmc_by_default_flow      $CTE::mmmc_default
<CMD> suppressMessage ENCEXT-2799
<CMD> getDrawView
<CMD> loadWorkspace -name Physical
<CMD> win
<CMD> set init_design_netlisttype verilog
<CMD> set init_design_settop 1
<CMD> set init_top_cell myfir
<CMD> set init_verilog ../netlist/myfir.v
<CMD> set init_lef_file /software/dk/nangate45/lef/NangateOpenCellLibrary.lef
<CMD> set init_gnd_net VSS
<CMD> set init_pwr_net VDD
<CMD> init_design
#% Begin Load MMMC data ... (date=11/12 20:24:23, mem=406.6M)
**ERROR: (TCLCMD-989):	cannot open SDC file '../netlist/myfir.sdc' for mode 'SDC_layout'
<CMD> init_design
% Begin Load MMMC data ... (date=11/12 20:24:37, mem=406.7M)
**ERROR: (TCLCMD-989):	cannot open SDC file '../netlist/myfir.sdc' for mode 'SDC_layout'
<CMD> set init_design_netlisttype verilog
<CMD> set init_design_settop 1
<CMD> set init_top_cell myfir
<CMD> set init_verilog ../netlist/myfir.v
<CMD> set init_lef_file /software/dk/nangate45/lef/NangateOpenCellLibrary.lef
<CMD> set init_gnd_net VSS
<CMD> set init_pwr_net VDD
<CMD> init_design
% Begin Load MMMC data ... (date=11/12 20:26:03, mem=407.0M)
**ERROR: (TCLCMD-989):	cannot open SDC file '../netlist/myfir.sdc' for mode 'SDC_layout'
<CMD> init_design
% Begin Load MMMC data ... (date=11/12 20:27:26, mem=407.0M)
**ERROR: (TCLCMD-989):	cannot open SDC file '../netlist/myfir.sdc' for mode 'SDC_layout'
<CMD> init_design
% Begin Load MMMC data ... (date=11/12 20:27:26, mem=407.0M)
**ERROR: (TCLCMD-989):	cannot open SDC file '../netlist/myfir.sdc' for mode 'SDC_layout'
<CMD> init_design
% Begin Load MMMC data ... (date=11/12 20:27:35, mem=407.0M)
**ERROR: (TCLCMD-989):	cannot open SDC file '../netlist/myfir.sdc' for mode 'SDC_layout'
<CMD> init_design
% Begin Load MMMC data ... (date=11/12 20:27:36, mem=407.0M)
**ERROR: (TCLCMD-989):	cannot open SDC file '../netlist/myfir.sdc' for mode 'SDC_layout'
<CMD> init_design
% Begin Load MMMC data ... (date=11/12 20:27:36, mem=407.0M)
**ERROR: (TCLCMD-989):	cannot open SDC file '../netlist/myfir.sdc' for mode 'SDC_layout'
<CMD> init_design
% Begin Load MMMC data ... (date=11/12 20:28:19, mem=407.0M)
**ERROR: (TCLCMD-989):	cannot open SDC file '../netlist/myfir.sdc' for mode 'SDC_layout'
<CMD> init_design
% Begin Load MMMC data ... (date=11/12 20:28:19, mem=407.0M)
**ERROR: (TCLCMD-989):	cannot open SDC file '../netlist/myfir.sdc' for mode 'SDC_layout'
<CMD> init_design
% Begin Load MMMC data ... (date=11/12 20:28:19, mem=407.0M)
**ERROR: (TCLCMD-989):	cannot open SDC file '../netlist/myfir.sdc' for mode 'SDC_layout'
<CMD> init_design
% Begin Load MMMC data ... (date=11/12 20:28:20, mem=407.0M)
**ERROR: (TCLCMD-989):	cannot open SDC file '../netlist/myfir.sdc' for mode 'SDC_layout'
<CMD> init_design
% Begin Load MMMC data ... (date=11/12 20:28:20, mem=407.0M)
**ERROR: (TCLCMD-989):	cannot open SDC file '../netlist/myfir.sdc' for mode 'SDC_layout'
<CMD> init_design
% Begin Load MMMC data ... (date=11/12 20:28:20, mem=407.0M)
**ERROR: (TCLCMD-989):	cannot open SDC file '../netlist/myfir.sdc' for mode 'SDC_layout'
<CMD> init_design
% Begin Load MMMC data ... (date=11/12 20:28:21, mem=407.0M)
**ERROR: (TCLCMD-989):	cannot open SDC file '../netlist/myfir.sdc' for mode 'SDC_layout'
<CMD> init_design
% Begin Load MMMC data ... (date=11/12 20:28:36, mem=407.0M)
**ERROR: (TCLCMD-989):	cannot open SDC file '../netlist/myfir.sdc' for mode 'SDC_layout'
<CMD> init_design
% Begin Load MMMC data ... (date=11/12 20:28:57, mem=407.0M)
**ERROR: (TCLCMD-989):	cannot open SDC file '../netlist/myfir.sdc' for mode 'SDC_layout'
<CMD> init_design
% Begin Load MMMC data ... (date=11/12 20:28:57, mem=407.0M)
**ERROR: (TCLCMD-989):	cannot open SDC file '../netlist/myfir.sdc' for mode 'SDC_layout'
<CMD> init_design
% Begin Load MMMC data ... (date=11/12 20:28:57, mem=407.0M)
**ERROR: (TCLCMD-989):	cannot open SDC file '../netlist/myfir.sdc' for mode 'SDC_layout'
<CMD> init_design
% Begin Load MMMC data ... (date=11/12 20:28:57, mem=407.0M)
**ERROR: (TCLCMD-989):	cannot open SDC file '../netlist/myfir.sdc' for mode 'SDC_layout'
<CMD> init_design
% Begin Load MMMC data ... (date=11/12 20:28:57, mem=407.0M)
<CMD> init_design
% Begin Load MMMC data ... (date=11/12 20:28:57, mem=407.0M)
<CMD> init_design
% Begin Load MMMC data ... (date=11/12 20:28:57, mem=407.0M)
<CMD> init_design
% Begin Load MMMC data ... (date=11/12 20:28:58, mem=407.0M)
<CMD> init_design
% Begin Load MMMC data ... (date=11/12 20:28:58, mem=407.0M)
<CMD> init_design
% Begin Load MMMC data ... (date=11/12 20:28:58, mem=407.0M)
<CMD> init_design
% Begin Load MMMC data ... (date=11/12 20:28:59, mem=407.0M)
<CMD> init_design
% Begin Load MMMC data ... (date=11/12 20:28:59, mem=407.0M)
**ERROR: (IMPSYT-6000):	No Object Selected.
<CMD> set init_design_netlisttype verilog
<CMD> set init_design_settop 1
<CMD> set init_top_cell myfir
<CMD> set init_verilog ../netlist/myfir.v
<CMD> set init_lef_file /software/dk/nangate45/lef/NangateOpenCellLibrary.lef
<CMD> set init_gnd_net VSS
<CMD> set init_pwr_net VDD
<CMD> set init_design_netlisttype verilog
<CMD> set init_design_settop 1
<CMD> set init_top_cell myfir
<CMD> set init_verilog ../netlist/myfir.v
<CMD> set init_lef_file /software/dk/nangate45/lef/NangateOpenCellLibrary.lef
<CMD> set init_gnd_net VSS
<CMD> set init_pwr_net VDD
<CMD> init_design
% Begin Load MMMC data ... (date=11/12 20:33:39, mem=407.4M)
<CMD> init_design
% Begin Load MMMC data ... (date=11/12 20:35:18, mem=407.4M)
<CMD> init_design
% Begin Load MMMC data ... (date=11/12 20:35:18, mem=407.4M)
<CMD> init_design
% Begin Load MMMC data ... (date=11/12 20:35:18, mem=407.4M)
<CMD> init_design
% Begin Load MMMC data ... (date=11/12 20:35:19, mem=407.4M)
<CMD> init_design
% Begin Load MMMC data ... (date=11/12 20:35:19, mem=407.4M)
<CMD> init_design
% Begin Load MMMC data ... (date=11/12 20:35:19, mem=407.4M)
<CMD> init_design
% Begin Load MMMC data ... (date=11/12 20:35:19, mem=407.4M)
<CMD> init_design
% Begin Load MMMC data ... (date=11/12 20:35:20, mem=407.4M)
<CMD> init_design
% Begin Load MMMC data ... (date=11/12 20:35:20, mem=407.4M)
<CMD> init_design
% Begin Load MMMC data ... (date=11/12 20:35:20, mem=407.4M)

*** Memory Usage v#1 (Current mem = 494.527M, initial mem = 179.684M) ***
*** Message Summary: 0 warning(s), 22 error(s)

--- Ending "Innovus" (totcpu=0:01:50, real=0:29:18, mem=494.5M) ---
